<?xml version="1.0" encoding="UTF-8"?>
<!-- Generated by org.testng.reporters.JUnitReportReporter -->
<testsuite hostname="DESKTOP-5I3A6EV" failures="0" tests="2" name="GoogleMap.GoogleMapSearch" time="70.150" errors="0" timestamp="2023-03-20T12:06:36 EET" skipped="0">
  <testcase classname="GoogleMap.GoogleMapSearch" name="openGoogleSearch" time="34.494"/>
  <system-out/>
  <testcase classname="GoogleMap.GoogleMapSearch" name="openGoogleMap" time="35.656"/>
  <system-out/>
</testsuite> <!-- GoogleMap.GoogleMapSearch -->
