<?xml version="1.0" encoding="UTF-8"?>
<!-- Generated by org.testng.reporters.JUnitReportReporter -->
<testsuite hostname="DESKTOP-5I3A6EV" failures="0" tests="1" name="visitbrowisng.GetMethod" time="53.172" errors="0" timestamp="20 Jan 2023 00:18:17 GMT" skipped="0">
  <testcase classname="visitbrowisng.GetMethod" name="openurl" time="53.172"/>
</testsuite> <!-- visitbrowisng.GetMethod -->
